Determining if the pthread_create exist failed with the following output:
Change Dir: /home/ethan/573/build/CMakeFiles/CMakeTmp

Run Build Command:"/usr/bin/make" "cmTC_154db/fast"
/usr/bin/make -f CMakeFiles/cmTC_154db.dir/build.make CMakeFiles/cmTC_154db.dir/build
make[1]: Entering directory '/home/ethan/573/build/CMakeFiles/CMakeTmp'
Building C object CMakeFiles/cmTC_154db.dir/CheckSymbolExists.c.o
/usr/bin/cc    -o CMakeFiles/cmTC_154db.dir/CheckSymbolExists.c.o   -c /home/ethan/573/build/CMakeFiles/CMakeTmp/CheckSymbolExists.c
Linking C executable cmTC_154db
/usr/bin/cmake -E cmake_link_script CMakeFiles/cmTC_154db.dir/link.txt --verbose=1
/usr/bin/cc      -rdynamic CMakeFiles/cmTC_154db.dir/CheckSymbolExists.c.o  -o cmTC_154db 
CMakeFiles/cmTC_154db.dir/CheckSymbolExists.c.o: In function `main':
CheckSymbolExists.c:(.text+0x1b): undefined reference to `pthread_create'
collect2: error: ld returned 1 exit status
CMakeFiles/cmTC_154db.dir/build.make:97: recipe for target 'cmTC_154db' failed
make[1]: *** [cmTC_154db] Error 1
make[1]: Leaving directory '/home/ethan/573/build/CMakeFiles/CMakeTmp'
Makefile:126: recipe for target 'cmTC_154db/fast' failed
make: *** [cmTC_154db/fast] Error 2

File /home/ethan/573/build/CMakeFiles/CMakeTmp/CheckSymbolExists.c:
/* */
#include <pthread.h>

int main(int argc, char** argv)
{
  (void)argv;
#ifndef pthread_create
  return ((int*)(&pthread_create))[argc];
#else
  (void)argc;
  return 0;
#endif
}

Determining if the function pthread_create exists in the pthreads failed with the following output:
Change Dir: /home/ethan/573/build/CMakeFiles/CMakeTmp

Run Build Command:"/usr/bin/make" "cmTC_266db/fast"
/usr/bin/make -f CMakeFiles/cmTC_266db.dir/build.make CMakeFiles/cmTC_266db.dir/build
make[1]: Entering directory '/home/ethan/573/build/CMakeFiles/CMakeTmp'
Building C object CMakeFiles/cmTC_266db.dir/CheckFunctionExists.c.o
/usr/bin/cc   -DCHECK_FUNCTION_EXISTS=pthread_create   -o CMakeFiles/cmTC_266db.dir/CheckFunctionExists.c.o   -c /usr/share/cmake-3.10/Modules/CheckFunctionExists.c
Linking C executable cmTC_266db
/usr/bin/cmake -E cmake_link_script CMakeFiles/cmTC_266db.dir/link.txt --verbose=1
/usr/bin/cc  -DCHECK_FUNCTION_EXISTS=pthread_create    -rdynamic CMakeFiles/cmTC_266db.dir/CheckFunctionExists.c.o  -o cmTC_266db -lpthreads 
/usr/bin/ld: cannot find -lpthreads
collect2: error: ld returned 1 exit status
CMakeFiles/cmTC_266db.dir/build.make:97: recipe for target 'cmTC_266db' failed
make[1]: *** [cmTC_266db] Error 1
make[1]: Leaving directory '/home/ethan/573/build/CMakeFiles/CMakeTmp'
Makefile:126: recipe for target 'cmTC_266db/fast' failed
make: *** [cmTC_266db/fast] Error 2


